mode: set
github.com/PubMatic-OpenWrap/prebid-server/floors/floors.go:31.141,33.122 2 1
github.com/PubMatic-OpenWrap/prebid-server/floors/floors.go:37.2,38.19 2 1
github.com/PubMatic-OpenWrap/prebid-server/floors/floors.go:41.2,41.12 1 1
github.com/PubMatic-OpenWrap/prebid-server/floors/floors.go:33.122,35.3 1 1
github.com/PubMatic-OpenWrap/prebid-server/floors/floors.go:38.19,40.3 1 1
github.com/PubMatic-OpenWrap/prebid-server/floors/floors.go:45.144,52.84 2 1
github.com/PubMatic-OpenWrap/prebid-server/floors/floors.go:56.2,58.39 3 1
github.com/PubMatic-OpenWrap/prebid-server/floors/floors.go:62.2,63.115 2 1
github.com/PubMatic-OpenWrap/prebid-server/floors/floors.go:69.2,70.32 2 1
github.com/PubMatic-OpenWrap/prebid-server/floors/floors.go:100.2,101.26 2 1
github.com/PubMatic-OpenWrap/prebid-server/floors/floors.go:52.84,54.3 1 1
github.com/PubMatic-OpenWrap/prebid-server/floors/floors.go:58.39,60.3 1 1
github.com/PubMatic-OpenWrap/prebid-server/floors/floors.go:63.115,67.3 3 1
github.com/PubMatic-OpenWrap/prebid-server/floors/floors.go:70.32,71.41 1 1
github.com/PubMatic-OpenWrap/prebid-server/floors/floors.go:71.41,76.21 4 1
github.com/PubMatic-OpenWrap/prebid-server/floors/floors.go:80.4,81.18 2 1
github.com/PubMatic-OpenWrap/prebid-server/floors/floors.go:76.21,78.5 1 1
github.com/PubMatic-OpenWrap/prebid-server/floors/floors.go:81.18,83.52 2 1
github.com/PubMatic-OpenWrap/prebid-server/floors/floors.go:87.5,87.23 1 1
github.com/PubMatic-OpenWrap/prebid-server/floors/floors.go:91.5,91.22 1 1
github.com/PubMatic-OpenWrap/prebid-server/floors/floors.go:83.52,85.6 1 1
github.com/PubMatic-OpenWrap/prebid-server/floors/floors.go:87.23,90.6 2 1
github.com/PubMatic-OpenWrap/prebid-server/floors/floors.go:91.22,93.6 1 1
github.com/PubMatic-OpenWrap/prebid-server/floors/floors.go:94.10,96.5 1 0
github.com/PubMatic-OpenWrap/prebid-server/floors/floors.go:104.104,106.2 1 1
github.com/PubMatic-OpenWrap/prebid-server/floors/floors.go:108.67,110.2 1 1
github.com/PubMatic-OpenWrap/prebid-server/floors/floors.go:112.90,114.16 2 1
github.com/PubMatic-OpenWrap/prebid-server/floors/floors.go:119.2,119.14 1 1
github.com/PubMatic-OpenWrap/prebid-server/floors/floors.go:114.16,115.121 1 1
github.com/PubMatic-OpenWrap/prebid-server/floors/floors.go:115.121,117.4 1 1
github.com/PubMatic-OpenWrap/prebid-server/floors/floors.go:122.165,126.109 3 1
github.com/PubMatic-OpenWrap/prebid-server/floors/floors.go:131.2,131.21 1 1
github.com/PubMatic-OpenWrap/prebid-server/floors/floors.go:135.2,135.74 1 1
github.com/PubMatic-OpenWrap/prebid-server/floors/floors.go:126.109,129.3 2 0
github.com/PubMatic-OpenWrap/prebid-server/floors/floors.go:131.21,133.3 1 1
github.com/PubMatic-OpenWrap/prebid-server/floors/floors.go:138.132,141.41 2 1
github.com/PubMatic-OpenWrap/prebid-server/floors/floors.go:164.2,164.34 1 1
github.com/PubMatic-OpenWrap/prebid-server/floors/floors.go:141.41,145.30 3 1
github.com/PubMatic-OpenWrap/prebid-server/floors/floors.go:149.3,150.38 2 1
github.com/PubMatic-OpenWrap/prebid-server/floors/floors.go:156.3,157.40 2 1
github.com/PubMatic-OpenWrap/prebid-server/floors/floors.go:160.3,161.44 2 1
github.com/PubMatic-OpenWrap/prebid-server/floors/floors.go:145.30,147.4 1 1
github.com/PubMatic-OpenWrap/prebid-server/floors/floors.go:150.38,152.4 1 0
github.com/PubMatic-OpenWrap/prebid-server/floors/floors.go:152.9,152.44 1 1
github.com/PubMatic-OpenWrap/prebid-server/floors/floors.go:152.44,154.4 1 1
github.com/PubMatic-OpenWrap/prebid-server/floors/floors.go:157.40,159.4 1 1
github.com/PubMatic-OpenWrap/prebid-server/floors/floors.go:167.160,174.34 5 0
github.com/PubMatic-OpenWrap/prebid-server/floors/floors.go:178.2,178.88 1 0
github.com/PubMatic-OpenWrap/prebid-server/floors/floors.go:191.2,191.21 1 0
github.com/PubMatic-OpenWrap/prebid-server/floors/floors.go:174.34,176.3 1 0
github.com/PubMatic-OpenWrap/prebid-server/floors/floors.go:178.88,183.33 3 0
github.com/PubMatic-OpenWrap/prebid-server/floors/floors.go:186.3,189.54 4 0
github.com/PubMatic-OpenWrap/prebid-server/floors/floors.go:183.33,185.4 1 0
github.com/PubMatic-OpenWrap/prebid-server/floors/floors.go:194.125,195.24 1 0
github.com/PubMatic-OpenWrap/prebid-server/floors/floors.go:198.2,199.20 2 0
github.com/PubMatic-OpenWrap/prebid-server/floors/floors.go:195.24,197.3 1 0
github.com/PubMatic-OpenWrap/prebid-server/floors/floors.go:202.71,203.30 1 0
github.com/PubMatic-OpenWrap/prebid-server/floors/floors.go:206.2,206.13 1 0
github.com/PubMatic-OpenWrap/prebid-server/floors/floors.go:203.30,205.3 1 0
github.com/PubMatic-OpenWrap/prebid-server/floors/floors.go:209.142,214.30 4 1
github.com/PubMatic-OpenWrap/prebid-server/floors/floors.go:218.2,221.29 3 1
github.com/PubMatic-OpenWrap/prebid-server/floors/floors.go:236.2,236.30 1 1
github.com/PubMatic-OpenWrap/prebid-server/floors/floors.go:243.2,243.52 1 1
github.com/PubMatic-OpenWrap/prebid-server/floors/floors.go:214.30,216.3 1 1
github.com/PubMatic-OpenWrap/prebid-server/floors/floors.go:221.29,222.33 1 1
github.com/PubMatic-OpenWrap/prebid-server/floors/floors.go:222.33,224.4 1 1
github.com/PubMatic-OpenWrap/prebid-server/floors/floors.go:224.9,224.41 1 1
github.com/PubMatic-OpenWrap/prebid-server/floors/floors.go:224.41,225.90 1 1
github.com/PubMatic-OpenWrap/prebid-server/floors/floors.go:228.4,229.18 2 1
github.com/PubMatic-OpenWrap/prebid-server/floors/floors.go:225.90,227.5 1 1
github.com/PubMatic-OpenWrap/prebid-server/floors/floors.go:229.18,232.5 1 1
github.com/PubMatic-OpenWrap/prebid-server/floors/floors.go:236.30,237.34 1 1
github.com/PubMatic-OpenWrap/prebid-server/floors/floors.go:237.34,239.4 1 1
github.com/PubMatic-OpenWrap/prebid-server/floors/floors.go:239.9,239.40 1 1
github.com/PubMatic-OpenWrap/prebid-server/floors/floors.go:239.40,241.4 1 1
github.com/PubMatic-OpenWrap/prebid-server/floors/floors.go:246.59,248.2 1 1
github.com/PubMatic-OpenWrap/prebid-server/floors/floors.go:250.107,252.16 2 1
github.com/PubMatic-OpenWrap/prebid-server/floors/floors.go:258.2,258.12 1 1
github.com/PubMatic-OpenWrap/prebid-server/floors/floors.go:252.16,254.50 2 1
github.com/PubMatic-OpenWrap/prebid-server/floors/floors.go:254.50,256.4 1 1
github.com/PubMatic-OpenWrap/prebid-server/floors/rule.go:33.69,35.45 2 1
github.com/PubMatic-OpenWrap/prebid-server/floors/rule.go:39.2,39.34 1 1
github.com/PubMatic-OpenWrap/prebid-server/floors/rule.go:43.2,43.87 1 1
github.com/PubMatic-OpenWrap/prebid-server/floors/rule.go:46.2,46.17 1 1
github.com/PubMatic-OpenWrap/prebid-server/floors/rule.go:35.45,37.3 1 1
github.com/PubMatic-OpenWrap/prebid-server/floors/rule.go:39.34,41.3 1 1
github.com/PubMatic-OpenWrap/prebid-server/floors/rule.go:43.87,45.3 1 1
github.com/PubMatic-OpenWrap/prebid-server/floors/rule.go:49.121,53.21 3 1
github.com/PubMatic-OpenWrap/prebid-server/floors/rule.go:56.2,58.24 3 1
github.com/PubMatic-OpenWrap/prebid-server/floors/rule.go:61.2,62.36 1 1
github.com/PubMatic-OpenWrap/prebid-server/floors/rule.go:66.2,66.32 1 1
github.com/PubMatic-OpenWrap/prebid-server/floors/rule.go:53.21,55.3 1 0
github.com/PubMatic-OpenWrap/prebid-server/floors/rule.go:58.24,60.3 1 0
github.com/PubMatic-OpenWrap/prebid-server/floors/rule.go:62.36,65.3 2 1
github.com/PubMatic-OpenWrap/prebid-server/floors/rule.go:69.92,72.2 2 1
github.com/PubMatic-OpenWrap/prebid-server/floors/rule.go:74.128,77.40 2 1
github.com/PubMatic-OpenWrap/prebid-server/floors/rule.go:84.2,84.52 1 1
github.com/PubMatic-OpenWrap/prebid-server/floors/rule.go:88.2,90.41 3 1
github.com/PubMatic-OpenWrap/prebid-server/floors/rule.go:98.2,98.24 1 0
github.com/PubMatic-OpenWrap/prebid-server/floors/rule.go:77.40,78.38 1 1
github.com/PubMatic-OpenWrap/prebid-server/floors/rule.go:81.3,81.49 1 1
github.com/PubMatic-OpenWrap/prebid-server/floors/rule.go:78.38,80.4 1 1
github.com/PubMatic-OpenWrap/prebid-server/floors/rule.go:84.52,86.3 1 1
github.com/PubMatic-OpenWrap/prebid-server/floors/rule.go:90.41,92.21 2 1
github.com/PubMatic-OpenWrap/prebid-server/floors/rule.go:92.21,96.4 3 1
github.com/PubMatic-OpenWrap/prebid-server/floors/rule.go:101.98,104.29 2 1
github.com/PubMatic-OpenWrap/prebid-server/floors/rule.go:111.2,111.37 1 1
github.com/PubMatic-OpenWrap/prebid-server/floors/rule.go:104.29,106.3 1 1
github.com/PubMatic-OpenWrap/prebid-server/floors/rule.go:106.8,106.29 1 1
github.com/PubMatic-OpenWrap/prebid-server/floors/rule.go:106.29,108.3 1 1
github.com/PubMatic-OpenWrap/prebid-server/floors/rule.go:108.8,110.3 1 1
github.com/PubMatic-OpenWrap/prebid-server/floors/rule.go:114.119,117.37 2 1
github.com/PubMatic-OpenWrap/prebid-server/floors/rule.go:122.2,122.18 1 1
github.com/PubMatic-OpenWrap/prebid-server/floors/rule.go:117.37,118.43 1 1
github.com/PubMatic-OpenWrap/prebid-server/floors/rule.go:118.43,120.4 1 1
github.com/PubMatic-OpenWrap/prebid-server/floors/rule.go:125.119,128.43 2 1
github.com/PubMatic-OpenWrap/prebid-server/floors/rule.go:156.2,156.17 1 1
github.com/PubMatic-OpenWrap/prebid-server/floors/rule.go:128.43,130.16 2 1
github.com/PubMatic-OpenWrap/prebid-server/floors/rule.go:154.3,154.37 1 1
github.com/PubMatic-OpenWrap/prebid-server/floors/rule.go:131.18,132.29 1 1
github.com/PubMatic-OpenWrap/prebid-server/floors/rule.go:133.13,134.29 1 1
github.com/PubMatic-OpenWrap/prebid-server/floors/rule.go:135.15,136.30 1 1
github.com/PubMatic-OpenWrap/prebid-server/floors/rule.go:137.19,138.34 1 1
github.com/PubMatic-OpenWrap/prebid-server/floors/rule.go:139.15,140.30 1 1
github.com/PubMatic-OpenWrap/prebid-server/floors/rule.go:141.18,142.39 1 1
github.com/PubMatic-OpenWrap/prebid-server/floors/rule.go:143.16,144.37 1 1
github.com/PubMatic-OpenWrap/prebid-server/floors/rule.go:145.19,146.34 1 1
github.com/PubMatic-OpenWrap/prebid-server/floors/rule.go:147.16,148.55 1 1
github.com/PubMatic-OpenWrap/prebid-server/floors/rule.go:149.16,150.27 1 1
github.com/PubMatic-OpenWrap/prebid-server/floors/rule.go:151.19,152.30 1 1
github.com/PubMatic-OpenWrap/prebid-server/floors/rule.go:159.57,161.58 2 1
github.com/PubMatic-OpenWrap/prebid-server/floors/rule.go:164.2,164.39 1 1
github.com/PubMatic-OpenWrap/prebid-server/floors/rule.go:169.2,169.14 1 1
github.com/PubMatic-OpenWrap/prebid-server/floors/rule.go:161.58,163.3 1 1
github.com/PubMatic-OpenWrap/prebid-server/floors/rule.go:164.39,166.3 1 1
github.com/PubMatic-OpenWrap/prebid-server/floors/rule.go:166.8,166.46 1 1
github.com/PubMatic-OpenWrap/prebid-server/floors/rule.go:166.46,168.3 1 1
github.com/PubMatic-OpenWrap/prebid-server/floors/rule.go:172.60,174.56 2 1
github.com/PubMatic-OpenWrap/prebid-server/floors/rule.go:177.2,177.14 1 1
github.com/PubMatic-OpenWrap/prebid-server/floors/rule.go:174.56,176.3 1 1
github.com/PubMatic-OpenWrap/prebid-server/floors/rule.go:180.44,182.23 2 1
github.com/PubMatic-OpenWrap/prebid-server/floors/rule.go:191.2,191.14 1 1
github.com/PubMatic-OpenWrap/prebid-server/floors/rule.go:182.23,184.3 1 1
github.com/PubMatic-OpenWrap/prebid-server/floors/rule.go:184.8,184.29 1 1
github.com/PubMatic-OpenWrap/prebid-server/floors/rule.go:184.29,186.3 1 1
github.com/PubMatic-OpenWrap/prebid-server/floors/rule.go:186.8,186.29 1 1
github.com/PubMatic-OpenWrap/prebid-server/floors/rule.go:186.29,188.3 1 1
github.com/PubMatic-OpenWrap/prebid-server/floors/rule.go:188.8,188.30 1 1
github.com/PubMatic-OpenWrap/prebid-server/floors/rule.go:188.30,190.3 1 1
github.com/PubMatic-OpenWrap/prebid-server/floors/rule.go:194.44,198.23 4 1
github.com/PubMatic-OpenWrap/prebid-server/floors/rule.go:211.2,211.31 1 1
github.com/PubMatic-OpenWrap/prebid-server/floors/rule.go:214.2,214.13 1 1
github.com/PubMatic-OpenWrap/prebid-server/floors/rule.go:198.23,199.33 1 1
github.com/PubMatic-OpenWrap/prebid-server/floors/rule.go:199.33,202.4 2 1
github.com/PubMatic-OpenWrap/prebid-server/floors/rule.go:202.9,202.56 1 1
github.com/PubMatic-OpenWrap/prebid-server/floors/rule.go:202.56,205.4 2 1
github.com/PubMatic-OpenWrap/prebid-server/floors/rule.go:206.8,209.3 2 1
github.com/PubMatic-OpenWrap/prebid-server/floors/rule.go:211.31,213.3 1 1
github.com/PubMatic-OpenWrap/prebid-server/floors/rule.go:217.53,219.25 2 1
github.com/PubMatic-OpenWrap/prebid-server/floors/rule.go:232.2,232.14 1 1
github.com/PubMatic-OpenWrap/prebid-server/floors/rule.go:219.25,220.35 1 1
github.com/PubMatic-OpenWrap/prebid-server/floors/rule.go:220.35,222.4 1 1
github.com/PubMatic-OpenWrap/prebid-server/floors/rule.go:222.9,222.85 1 1
github.com/PubMatic-OpenWrap/prebid-server/floors/rule.go:222.85,224.4 1 1
github.com/PubMatic-OpenWrap/prebid-server/floors/rule.go:225.8,225.31 1 1
github.com/PubMatic-OpenWrap/prebid-server/floors/rule.go:225.31,226.34 1 1
github.com/PubMatic-OpenWrap/prebid-server/floors/rule.go:226.34,228.4 1 1
github.com/PubMatic-OpenWrap/prebid-server/floors/rule.go:228.9,228.83 1 1
github.com/PubMatic-OpenWrap/prebid-server/floors/rule.go:228.83,230.4 1 1
github.com/PubMatic-OpenWrap/prebid-server/floors/rule.go:235.57,237.25 2 1
github.com/PubMatic-OpenWrap/prebid-server/floors/rule.go:242.2,242.14 1 1
github.com/PubMatic-OpenWrap/prebid-server/floors/rule.go:237.25,239.3 1 1
github.com/PubMatic-OpenWrap/prebid-server/floors/rule.go:239.8,241.3 1 1
github.com/PubMatic-OpenWrap/prebid-server/floors/rule.go:245.62,247.100 2 1
github.com/PubMatic-OpenWrap/prebid-server/floors/rule.go:252.2,252.14 1 1
github.com/PubMatic-OpenWrap/prebid-server/floors/rule.go:247.100,249.3 1 1
github.com/PubMatic-OpenWrap/prebid-server/floors/rule.go:249.8,249.104 1 1
github.com/PubMatic-OpenWrap/prebid-server/floors/rule.go:249.104,251.3 1 1
github.com/PubMatic-OpenWrap/prebid-server/floors/rule.go:255.53,257.55 2 1
github.com/PubMatic-OpenWrap/prebid-server/floors/rule.go:260.2,260.14 1 1
github.com/PubMatic-OpenWrap/prebid-server/floors/rule.go:257.55,259.3 1 1
github.com/PubMatic-OpenWrap/prebid-server/floors/rule.go:263.42,266.36 3 1
github.com/PubMatic-OpenWrap/prebid-server/floors/rule.go:274.2,274.14 1 1
github.com/PubMatic-OpenWrap/prebid-server/floors/rule.go:266.36,268.20 2 1
github.com/PubMatic-OpenWrap/prebid-server/floors/rule.go:268.20,270.4 1 1
github.com/PubMatic-OpenWrap/prebid-server/floors/rule.go:271.8,273.3 1 1
github.com/PubMatic-OpenWrap/prebid-server/floors/rule.go:277.81,279.23 2 1
github.com/PubMatic-OpenWrap/prebid-server/floors/rule.go:283.2,283.29 1 1
github.com/PubMatic-OpenWrap/prebid-server/floors/rule.go:290.2,290.38 1 1
github.com/PubMatic-OpenWrap/prebid-server/floors/rule.go:293.2,293.17 1 1
github.com/PubMatic-OpenWrap/prebid-server/floors/rule.go:279.23,281.3 1 0
github.com/PubMatic-OpenWrap/prebid-server/floors/rule.go:283.29,285.17 2 1
github.com/PubMatic-OpenWrap/prebid-server/floors/rule.go:285.17,287.4 1 0
github.com/PubMatic-OpenWrap/prebid-server/floors/rule.go:290.38,292.3 1 1
github.com/PubMatic-OpenWrap/prebid-server/floors/rule.go:296.43,299.16 3 1
github.com/PubMatic-OpenWrap/prebid-server/floors/rule.go:302.2,302.14 1 1
github.com/PubMatic-OpenWrap/prebid-server/floors/rule.go:299.16,301.3 1 1
github.com/PubMatic-OpenWrap/prebid-server/floors/rule.go:305.45,308.30 3 1
github.com/PubMatic-OpenWrap/prebid-server/floors/rule.go:312.2,312.21 1 1
github.com/PubMatic-OpenWrap/prebid-server/floors/rule.go:316.2,317.34 2 1
github.com/PubMatic-OpenWrap/prebid-server/floors/rule.go:321.2,322.41 2 1
github.com/PubMatic-OpenWrap/prebid-server/floors/rule.go:325.2,325.19 1 0
github.com/PubMatic-OpenWrap/prebid-server/floors/rule.go:308.30,310.3 1 1
github.com/PubMatic-OpenWrap/prebid-server/floors/rule.go:312.21,314.3 1 1
github.com/PubMatic-OpenWrap/prebid-server/floors/rule.go:317.34,319.3 1 1
github.com/PubMatic-OpenWrap/prebid-server/floors/rule.go:322.41,324.3 1 1
github.com/PubMatic-OpenWrap/prebid-server/floors/rule.go:328.44,330.16 2 1
github.com/PubMatic-OpenWrap/prebid-server/floors/rule.go:333.2,333.17 1 1
github.com/PubMatic-OpenWrap/prebid-server/floors/rule.go:330.16,332.3 1 0
github.com/PubMatic-OpenWrap/prebid-server/floors/rule.go:336.44,338.16 2 1
github.com/PubMatic-OpenWrap/prebid-server/floors/rule.go:341.2,341.17 1 1
github.com/PubMatic-OpenWrap/prebid-server/floors/rule.go:338.16,340.3 1 0
github.com/PubMatic-OpenWrap/prebid-server/floors/rule.go:344.93,351.39 6 1
github.com/PubMatic-OpenWrap/prebid-server/floors/rule.go:355.2,356.70 2 1
github.com/PubMatic-OpenWrap/prebid-server/floors/rule.go:367.2,368.17 2 1
github.com/PubMatic-OpenWrap/prebid-server/floors/rule.go:351.39,354.3 2 1
github.com/PubMatic-OpenWrap/prebid-server/floors/rule.go:356.70,358.37 2 1
github.com/PubMatic-OpenWrap/prebid-server/floors/rule.go:358.37,361.41 3 1
github.com/PubMatic-OpenWrap/prebid-server/floors/rule.go:364.4,364.46 1 1
github.com/PubMatic-OpenWrap/prebid-server/floors/rule.go:361.41,363.5 1 1
github.com/PubMatic-OpenWrap/prebid-server/floors/rule.go:371.73,373.40 2 1
github.com/PubMatic-OpenWrap/prebid-server/floors/rule.go:380.2,380.17 1 1
github.com/PubMatic-OpenWrap/prebid-server/floors/rule.go:373.40,375.44 2 1
github.com/PubMatic-OpenWrap/prebid-server/floors/rule.go:378.3,378.38 1 1
github.com/PubMatic-OpenWrap/prebid-server/floors/rule.go:375.44,377.4 1 1
github.com/PubMatic-OpenWrap/prebid-server/floors/rule.go:383.82,386.28 2 1
github.com/PubMatic-OpenWrap/prebid-server/floors/rule.go:390.2,390.64 1 1
github.com/PubMatic-OpenWrap/prebid-server/floors/rule.go:404.2,404.45 1 1
github.com/PubMatic-OpenWrap/prebid-server/floors/rule.go:416.2,416.13 1 1
github.com/PubMatic-OpenWrap/prebid-server/floors/rule.go:386.28,388.3 1 0
github.com/PubMatic-OpenWrap/prebid-server/floors/rule.go:390.64,391.73 1 1
github.com/PubMatic-OpenWrap/prebid-server/floors/rule.go:394.3,395.52 2 1
github.com/PubMatic-OpenWrap/prebid-server/floors/rule.go:400.3,400.30 1 1
github.com/PubMatic-OpenWrap/prebid-server/floors/rule.go:391.73,392.12 1 1
github.com/PubMatic-OpenWrap/prebid-server/floors/rule.go:395.52,396.35 1 1
github.com/PubMatic-OpenWrap/prebid-server/floors/rule.go:396.35,398.5 1 1
github.com/PubMatic-OpenWrap/prebid-server/floors/rule.go:404.45,406.37 2 1
github.com/PubMatic-OpenWrap/prebid-server/floors/rule.go:410.3,411.37 2 1
github.com/PubMatic-OpenWrap/prebid-server/floors/rule.go:414.3,414.19 1 1
github.com/PubMatic-OpenWrap/prebid-server/floors/rule.go:406.37,408.4 1 1
github.com/PubMatic-OpenWrap/prebid-server/floors/rule.go:411.37,413.4 1 1
github.com/PubMatic-OpenWrap/prebid-server/floors/validate.go:10.139,12.35 2 1
github.com/PubMatic-OpenWrap/prebid-server/floors/validate.go:23.2,23.13 1 1
github.com/PubMatic-OpenWrap/prebid-server/floors/validate.go:12.35,15.43 3 1
github.com/PubMatic-OpenWrap/prebid-server/floors/validate.go:20.3,21.27 2 1
github.com/PubMatic-OpenWrap/prebid-server/floors/validate.go:15.43,18.12 2 1
github.com/PubMatic-OpenWrap/prebid-server/floors/validate.go:26.74,28.108 1 1
github.com/PubMatic-OpenWrap/prebid-server/floors/validate.go:32.2,32.72 1 1
github.com/PubMatic-OpenWrap/prebid-server/floors/validate.go:35.2,35.12 1 1
github.com/PubMatic-OpenWrap/prebid-server/floors/validate.go:28.108,30.3 1 1
github.com/PubMatic-OpenWrap/prebid-server/floors/validate.go:32.72,34.3 1 1
github.com/PubMatic-OpenWrap/prebid-server/floors/validate.go:38.128,41.41 3 1
github.com/PubMatic-OpenWrap/prebid-server/floors/validate.go:54.2,54.31 1 1
github.com/PubMatic-OpenWrap/prebid-server/floors/validate.go:41.41,42.77 1 1
github.com/PubMatic-OpenWrap/prebid-server/floors/validate.go:47.3,47.89 1 1
github.com/PubMatic-OpenWrap/prebid-server/floors/validate.go:52.3,52.58 1 1
github.com/PubMatic-OpenWrap/prebid-server/floors/validate.go:42.77,44.12 2 1
github.com/PubMatic-OpenWrap/prebid-server/floors/validate.go:47.89,49.12 2 1
github.com/PubMatic-OpenWrap/prebid-server/floors/enforce.go:8.61,9.32 1 1
github.com/PubMatic-OpenWrap/prebid-server/floors/enforce.go:14.2,14.14 1 1
github.com/PubMatic-OpenWrap/prebid-server/floors/enforce.go:9.32,10.37 1 1
github.com/PubMatic-OpenWrap/prebid-server/floors/enforce.go:10.37,12.4 1 1
github.com/PubMatic-OpenWrap/prebid-server/floors/enforce.go:17.137,19.69 1 1
github.com/PubMatic-OpenWrap/prebid-server/floors/enforce.go:23.2,23.131 1 1
github.com/PubMatic-OpenWrap/prebid-server/floors/enforce.go:27.2,27.92 1 1
github.com/PubMatic-OpenWrap/prebid-server/floors/enforce.go:31.2,32.21 2 1
github.com/PubMatic-OpenWrap/prebid-server/floors/enforce.go:36.2,36.33 1 1
github.com/PubMatic-OpenWrap/prebid-server/floors/enforce.go:40.2,40.44 1 1
github.com/PubMatic-OpenWrap/prebid-server/floors/enforce.go:43.2,44.22 2 1
github.com/PubMatic-OpenWrap/prebid-server/floors/enforce.go:19.69,21.3 1 1
github.com/PubMatic-OpenWrap/prebid-server/floors/enforce.go:23.131,25.3 1 1
github.com/PubMatic-OpenWrap/prebid-server/floors/enforce.go:27.92,29.3 1 1
github.com/PubMatic-OpenWrap/prebid-server/floors/enforce.go:32.21,34.3 1 1
github.com/PubMatic-OpenWrap/prebid-server/floors/enforce.go:36.33,38.3 1 1
github.com/PubMatic-OpenWrap/prebid-server/floors/enforce.go:40.44,42.3 1 1
github.com/PubMatic-OpenWrap/prebid-server/floors/fetcher.go:14.54,18.2 3 1
