mode: set
github.com/PubMatic-OpenWrap/prebid-server/floors/resolve_floor.go:27.73,28.125 1 1
github.com/PubMatic-OpenWrap/prebid-server/floors/resolve_floor.go:28.125,30.3 1 1
github.com/PubMatic-OpenWrap/prebid-server/floors/resolve_floor.go:30.8,32.3 1 1
github.com/PubMatic-OpenWrap/prebid-server/floors/resolve_floor.go:35.67,38.43 2 1
github.com/PubMatic-OpenWrap/prebid-server/floors/resolve_floor.go:44.2,44.57 1 1
github.com/PubMatic-OpenWrap/prebid-server/floors/resolve_floor.go:38.43,40.3 1 1
github.com/PubMatic-OpenWrap/prebid-server/floors/resolve_floor.go:40.8,42.3 1 1
github.com/PubMatic-OpenWrap/prebid-server/floors/resolve_floor.go:44.57,46.3 1 1
github.com/PubMatic-OpenWrap/prebid-server/floors/resolve_floor.go:46.8,48.3 1 1
github.com/PubMatic-OpenWrap/prebid-server/floors/resolve_floor.go:51.104,59.36 5 1
github.com/PubMatic-OpenWrap/prebid-server/floors/resolve_floor.go:63.2,63.53 1 1
github.com/PubMatic-OpenWrap/prebid-server/floors/resolve_floor.go:67.2,68.41 2 1
github.com/PubMatic-OpenWrap/prebid-server/floors/resolve_floor.go:75.2,76.40 2 1
github.com/PubMatic-OpenWrap/prebid-server/floors/resolve_floor.go:95.2,96.26 2 1
github.com/PubMatic-OpenWrap/prebid-server/floors/resolve_floor.go:59.36,61.3 1 1
github.com/PubMatic-OpenWrap/prebid-server/floors/resolve_floor.go:63.53,65.3 1 1
github.com/PubMatic-OpenWrap/prebid-server/floors/resolve_floor.go:68.41,71.3 2 1
github.com/PubMatic-OpenWrap/prebid-server/floors/resolve_floor.go:71.8,73.3 1 1
github.com/PubMatic-OpenWrap/prebid-server/floors/resolve_floor.go:76.40,81.24 4 1
github.com/PubMatic-OpenWrap/prebid-server/floors/resolve_floor.go:87.3,88.63 2 1
github.com/PubMatic-OpenWrap/prebid-server/floors/resolve_floor.go:93.3,93.37 1 1
github.com/PubMatic-OpenWrap/prebid-server/floors/resolve_floor.go:81.24,83.4 1 1
github.com/PubMatic-OpenWrap/prebid-server/floors/resolve_floor.go:83.9,85.4 1 1
github.com/PubMatic-OpenWrap/prebid-server/floors/resolve_floor.go:88.63,90.4 1 1
github.com/PubMatic-OpenWrap/prebid-server/floors/resolve_floor.go:90.9,92.4 1 1
github.com/PubMatic-OpenWrap/prebid-server/floors/resolve_floor.go:99.87,102.41 2 1
github.com/PubMatic-OpenWrap/prebid-server/floors/resolve_floor.go:116.2,116.26 1 1
github.com/PubMatic-OpenWrap/prebid-server/floors/resolve_floor.go:102.41,104.81 1 1
github.com/PubMatic-OpenWrap/prebid-server/floors/resolve_floor.go:110.3,110.105 1 1
github.com/PubMatic-OpenWrap/prebid-server/floors/resolve_floor.go:104.81,107.12 3 1
github.com/PubMatic-OpenWrap/prebid-server/floors/resolve_floor.go:110.105,113.12 3 1
github.com/PubMatic-OpenWrap/prebid-server/floors/resolve_floor.go:120.76,123.40 2 1
github.com/PubMatic-OpenWrap/prebid-server/floors/resolve_floor.go:127.2,127.52 1 1
github.com/PubMatic-OpenWrap/prebid-server/floors/resolve_floor.go:131.2,133.41 2 1
github.com/PubMatic-OpenWrap/prebid-server/floors/resolve_floor.go:123.40,125.3 1 1
github.com/PubMatic-OpenWrap/prebid-server/floors/resolve_floor.go:127.52,129.3 1 1
github.com/PubMatic-OpenWrap/prebid-server/floors/resolve_floor.go:133.41,135.21 2 1
github.com/PubMatic-OpenWrap/prebid-server/floors/resolve_floor.go:135.21,138.4 2 1
github.com/PubMatic-OpenWrap/prebid-server/floors/resolve_floor.go:142.119,147.33 3 1
github.com/PubMatic-OpenWrap/prebid-server/floors/resolve_floor.go:156.2,156.21 1 1
github.com/PubMatic-OpenWrap/prebid-server/floors/resolve_floor.go:147.33,149.34 2 1
github.com/PubMatic-OpenWrap/prebid-server/floors/resolve_floor.go:149.34,153.4 2 1
github.com/PubMatic-OpenWrap/prebid-server/floors/resolve_floor.go:159.111,162.37 2 1
github.com/PubMatic-OpenWrap/prebid-server/floors/resolve_floor.go:167.2,167.11 1 1
github.com/PubMatic-OpenWrap/prebid-server/floors/resolve_floor.go:162.37,163.43 1 1
github.com/PubMatic-OpenWrap/prebid-server/floors/resolve_floor.go:163.43,165.4 1 1
github.com/PubMatic-OpenWrap/prebid-server/floors/resolve_floor.go:170.44,174.23 4 1
github.com/PubMatic-OpenWrap/prebid-server/floors/resolve_floor.go:187.2,187.31 1 1
github.com/PubMatic-OpenWrap/prebid-server/floors/resolve_floor.go:193.2,193.13 1 1
github.com/PubMatic-OpenWrap/prebid-server/floors/resolve_floor.go:174.23,175.33 1 1
github.com/PubMatic-OpenWrap/prebid-server/floors/resolve_floor.go:175.33,178.4 2 1
github.com/PubMatic-OpenWrap/prebid-server/floors/resolve_floor.go:178.9,178.56 1 1
github.com/PubMatic-OpenWrap/prebid-server/floors/resolve_floor.go:178.56,181.4 2 1
github.com/PubMatic-OpenWrap/prebid-server/floors/resolve_floor.go:182.8,185.3 2 1
github.com/PubMatic-OpenWrap/prebid-server/floors/resolve_floor.go:187.31,189.3 1 1
github.com/PubMatic-OpenWrap/prebid-server/floors/resolve_floor.go:189.8,191.3 1 0
github.com/PubMatic-OpenWrap/prebid-server/floors/resolve_floor.go:196.81,199.23 2 1
github.com/PubMatic-OpenWrap/prebid-server/floors/resolve_floor.go:203.2,203.29 1 1
github.com/PubMatic-OpenWrap/prebid-server/floors/resolve_floor.go:210.2,210.38 1 1
github.com/PubMatic-OpenWrap/prebid-server/floors/resolve_floor.go:199.23,201.3 1 0
github.com/PubMatic-OpenWrap/prebid-server/floors/resolve_floor.go:203.29,205.17 2 1
github.com/PubMatic-OpenWrap/prebid-server/floors/resolve_floor.go:205.17,207.4 1 1
github.com/PubMatic-OpenWrap/prebid-server/floors/resolve_floor.go:210.38,212.3 1 1
github.com/PubMatic-OpenWrap/prebid-server/floors/resolve_floor.go:212.8,214.3 1 0
github.com/PubMatic-OpenWrap/prebid-server/floors/resolve_floor.go:217.43,220.16 3 1
github.com/PubMatic-OpenWrap/prebid-server/floors/resolve_floor.go:225.2,225.14 1 1
github.com/PubMatic-OpenWrap/prebid-server/floors/resolve_floor.go:220.16,222.3 1 1
github.com/PubMatic-OpenWrap/prebid-server/floors/resolve_floor.go:222.8,224.3 1 0
github.com/PubMatic-OpenWrap/prebid-server/floors/resolve_floor.go:228.119,231.43 2 1
github.com/PubMatic-OpenWrap/prebid-server/floors/resolve_floor.go:328.2,328.17 1 1
github.com/PubMatic-OpenWrap/prebid-server/floors/resolve_floor.go:231.43,233.16 2 1
github.com/PubMatic-OpenWrap/prebid-server/floors/resolve_floor.go:326.3,326.37 1 1
github.com/PubMatic-OpenWrap/prebid-server/floors/resolve_floor.go:234.20,235.25 1 1
github.com/PubMatic-OpenWrap/prebid-server/floors/resolve_floor.go:246.15,247.29 1 1
github.com/PubMatic-OpenWrap/prebid-server/floors/resolve_floor.go:248.17,249.27 1 1
github.com/PubMatic-OpenWrap/prebid-server/floors/resolve_floor.go:262.21,263.27 1 1
github.com/PubMatic-OpenWrap/prebid-server/floors/resolve_floor.go:268.17,269.26 1 1
github.com/PubMatic-OpenWrap/prebid-server/floors/resolve_floor.go:274.20,275.27 1 1
github.com/PubMatic-OpenWrap/prebid-server/floors/resolve_floor.go:280.18,281.58 1 1
github.com/PubMatic-OpenWrap/prebid-server/floors/resolve_floor.go:286.21,287.59 1 1
github.com/PubMatic-OpenWrap/prebid-server/floors/resolve_floor.go:303.18,305.21 2 1
github.com/PubMatic-OpenWrap/prebid-server/floors/resolve_floor.go:310.18,312.38 2 1
github.com/PubMatic-OpenWrap/prebid-server/floors/resolve_floor.go:322.19,323.28 1 1
github.com/PubMatic-OpenWrap/prebid-server/floors/resolve_floor.go:235.25,237.5 1 1
github.com/PubMatic-OpenWrap/prebid-server/floors/resolve_floor.go:237.10,237.31 1 1
github.com/PubMatic-OpenWrap/prebid-server/floors/resolve_floor.go:237.31,239.5 1 1
github.com/PubMatic-OpenWrap/prebid-server/floors/resolve_floor.go:239.10,239.31 1 1
github.com/PubMatic-OpenWrap/prebid-server/floors/resolve_floor.go:239.31,241.5 1 1
github.com/PubMatic-OpenWrap/prebid-server/floors/resolve_floor.go:241.10,241.32 1 1
github.com/PubMatic-OpenWrap/prebid-server/floors/resolve_floor.go:241.32,243.5 1 1
github.com/PubMatic-OpenWrap/prebid-server/floors/resolve_floor.go:243.10,245.5 1 0
github.com/PubMatic-OpenWrap/prebid-server/floors/resolve_floor.go:249.27,250.37 1 1
github.com/PubMatic-OpenWrap/prebid-server/floors/resolve_floor.go:250.37,252.6 1 1
github.com/PubMatic-OpenWrap/prebid-server/floors/resolve_floor.go:252.11,254.6 1 1
github.com/PubMatic-OpenWrap/prebid-server/floors/resolve_floor.go:255.10,256.36 1 1
github.com/PubMatic-OpenWrap/prebid-server/floors/resolve_floor.go:256.36,258.6 1 1
github.com/PubMatic-OpenWrap/prebid-server/floors/resolve_floor.go:258.11,260.6 1 1
github.com/PubMatic-OpenWrap/prebid-server/floors/resolve_floor.go:263.27,265.5 1 1
github.com/PubMatic-OpenWrap/prebid-server/floors/resolve_floor.go:265.10,267.5 1 1
github.com/PubMatic-OpenWrap/prebid-server/floors/resolve_floor.go:269.26,271.5 1 1
github.com/PubMatic-OpenWrap/prebid-server/floors/resolve_floor.go:271.10,273.5 1 0
github.com/PubMatic-OpenWrap/prebid-server/floors/resolve_floor.go:275.27,277.5 1 1
github.com/PubMatic-OpenWrap/prebid-server/floors/resolve_floor.go:277.10,279.5 1 1
github.com/PubMatic-OpenWrap/prebid-server/floors/resolve_floor.go:281.58,283.5 1 1
github.com/PubMatic-OpenWrap/prebid-server/floors/resolve_floor.go:283.10,285.5 1 0
github.com/PubMatic-OpenWrap/prebid-server/floors/resolve_floor.go:287.59,291.52 1 1
github.com/PubMatic-OpenWrap/prebid-server/floors/resolve_floor.go:291.52,293.6 1 1
github.com/PubMatic-OpenWrap/prebid-server/floors/resolve_floor.go:293.11,295.56 1 1
github.com/PubMatic-OpenWrap/prebid-server/floors/resolve_floor.go:295.56,297.6 1 1
github.com/PubMatic-OpenWrap/prebid-server/floors/resolve_floor.go:297.11,299.6 1 0
github.com/PubMatic-OpenWrap/prebid-server/floors/resolve_floor.go:300.10,302.5 1 0
github.com/PubMatic-OpenWrap/prebid-server/floors/resolve_floor.go:305.21,307.5 1 1
github.com/PubMatic-OpenWrap/prebid-server/floors/resolve_floor.go:307.10,309.5 1 1
github.com/PubMatic-OpenWrap/prebid-server/floors/resolve_floor.go:312.38,314.22 2 1
github.com/PubMatic-OpenWrap/prebid-server/floors/resolve_floor.go:314.22,316.6 1 1
github.com/PubMatic-OpenWrap/prebid-server/floors/resolve_floor.go:316.11,318.6 1 0
github.com/PubMatic-OpenWrap/prebid-server/floors/resolve_floor.go:319.10,321.5 1 1
github.com/PubMatic-OpenWrap/prebid-server/floors/resolve_floor.go:331.93,338.39 6 1
github.com/PubMatic-OpenWrap/prebid-server/floors/resolve_floor.go:342.2,344.70 2 1
github.com/PubMatic-OpenWrap/prebid-server/floors/resolve_floor.go:356.2,356.40 1 1
github.com/PubMatic-OpenWrap/prebid-server/floors/resolve_floor.go:363.2,363.17 1 1
github.com/PubMatic-OpenWrap/prebid-server/floors/resolve_floor.go:338.39,341.3 2 1
github.com/PubMatic-OpenWrap/prebid-server/floors/resolve_floor.go:344.70,346.37 2 1
github.com/PubMatic-OpenWrap/prebid-server/floors/resolve_floor.go:346.37,349.41 3 1
github.com/PubMatic-OpenWrap/prebid-server/floors/resolve_floor.go:352.4,352.46 1 1
github.com/PubMatic-OpenWrap/prebid-server/floors/resolve_floor.go:349.41,351.5 1 1
github.com/PubMatic-OpenWrap/prebid-server/floors/resolve_floor.go:356.40,358.44 2 1
github.com/PubMatic-OpenWrap/prebid-server/floors/resolve_floor.go:361.3,361.38 1 1
github.com/PubMatic-OpenWrap/prebid-server/floors/resolve_floor.go:358.44,360.4 1 1
github.com/PubMatic-OpenWrap/prebid-server/floors/resolve_floor.go:366.82,369.28 2 1
github.com/PubMatic-OpenWrap/prebid-server/floors/resolve_floor.go:373.2,373.64 1 1
github.com/PubMatic-OpenWrap/prebid-server/floors/resolve_floor.go:387.2,387.45 1 1
github.com/PubMatic-OpenWrap/prebid-server/floors/resolve_floor.go:400.2,400.13 1 1
github.com/PubMatic-OpenWrap/prebid-server/floors/resolve_floor.go:369.28,371.3 1 0
github.com/PubMatic-OpenWrap/prebid-server/floors/resolve_floor.go:373.64,374.73 1 1
github.com/PubMatic-OpenWrap/prebid-server/floors/resolve_floor.go:377.3,378.52 2 1
github.com/PubMatic-OpenWrap/prebid-server/floors/resolve_floor.go:383.3,383.30 1 1
github.com/PubMatic-OpenWrap/prebid-server/floors/resolve_floor.go:374.73,375.12 1 1
github.com/PubMatic-OpenWrap/prebid-server/floors/resolve_floor.go:378.52,379.35 1 1
github.com/PubMatic-OpenWrap/prebid-server/floors/resolve_floor.go:379.35,381.5 1 1
github.com/PubMatic-OpenWrap/prebid-server/floors/resolve_floor.go:387.45,389.37 2 1
github.com/PubMatic-OpenWrap/prebid-server/floors/resolve_floor.go:393.3,394.37 2 1
github.com/PubMatic-OpenWrap/prebid-server/floors/resolve_floor.go:397.3,397.19 1 1
github.com/PubMatic-OpenWrap/prebid-server/floors/resolve_floor.go:389.37,391.4 1 1
github.com/PubMatic-OpenWrap/prebid-server/floors/resolve_floor.go:394.37,396.4 1 1
